{
  "RSpec": {
    "coverage": {
      "/Users/klangton/rails_projects/pdflib_app/config/environment.rb": [
        null,
        1,
        null,
        null,
        1
      ],
      "/Users/klangton/rails_projects/pdflib_app/config/application.rb": [
        1,
        null,
        null,
        1,
        1,
        1,
        1,
        1,
        1,
        null,
        null,
        null,
        null,
        1,
        null,
        1,
        1,
        null,
        null,
        null,
        null,
        null,
        null,
        null,
        null,
        null,
        null,
        null,
        null,
        null
      ],
      "/Users/klangton/rails_projects/pdflib_app/config/boot.rb": [
        null,
        1,
        null,
        1
      ],
      "/Users/klangton/rails_projects/pdflib_app/config/environments/test.rb": [
        1,
        null,
        null,
        null,
        null,
        null,
        null,
        1,
        null,
        null,
        null,
        null,
        1,
        null,
        null,
        1,
        1,
        null,
        null,
        1,
        1,
        null,
        null,
        1,
        null,
        null,
        1,
        null,
        null,
        null,
        null,
        1,
        null,
        null,
        1,
        null,
        null,
        null,
        null
      ],
      "/Users/klangton/rails_projects/pdflib_app/config/initializers/assets.rb": [
        null,
        null,
        null,
        1,
        null,
        null,
        null,
        null
      ],
      "/Users/klangton/rails_projects/pdflib_app/config/initializers/backtrace_silencers.rb": [
        null,
        null,
        null,
        null,
        null,
        null,
        null
      ],
      "/Users/klangton/rails_projects/pdflib_app/config/initializers/cookies_serializer.rb": [
        null,
        null,
        1
      ],
      "/Users/klangton/rails_projects/pdflib_app/config/initializers/filter_parameter_logging.rb": [
        null,
        null,
        null,
        1
      ],
      "/Users/klangton/rails_projects/pdflib_app/config/initializers/inflections.rb": [
        null,
        null,
        null,
        null,
        null,
        null,
        null,
        null,
        null,
        null,
        null,
        null,
        null,
        null,
        null,
        null
      ],
      "/Users/klangton/rails_projects/pdflib_app/config/initializers/mime_types.rb": [
        null,
        null,
        null,
        null
      ],
      "/Users/klangton/rails_projects/pdflib_app/config/initializers/session_store.rb": [
        null,
        null,
        1
      ],
      "/Users/klangton/rails_projects/pdflib_app/config/initializers/wrap_parameters.rb": [
        null,
        null,
        null,
        null,
        null,
        null,
        1,
        1,
        null,
        null,
        null,
        null,
        null,
        null
      ],
      "/Users/klangton/rails_projects/pdflib_app/spec/factories/pdfs.rb": [
        1,
        1,
        1,
        1,
        null,
        null,
        null
      ],
      "/Users/klangton/rails_projects/pdflib_app/config/routes.rb": [
        1,
        null,
        null,
        null,
        null,
        null,
        null,
        null,
        null,
        null,
        null,
        null,
        null,
        null,
        null,
        null,
        null,
        null,
        null,
        null,
        null,
        null,
        null,
        null,
        null,
        null,
        null,
        null,
        null,
        null,
        null,
        null,
        null,
        null,
        null,
        null,
        null,
        null,
        null,
        null,
        null,
        null,
        null,
        null,
        null,
        null,
        null,
        null,
        null,
        null,
        null,
        null,
        null,
        null,
        null,
        null
      ],
      "/Users/klangton/rails_projects/pdflib_app/app/helpers/application_helper.rb": [
        1,
        null
      ],
      "/Users/klangton/rails_projects/pdflib_app/spec/support/databasecleaner.rb": [
        null,
        null,
        1,
        null,
        1,
        1,
        null,
        null,
        1,
        0,
        null,
        null,
        1,
        0,
        null,
        null,
        1,
        0,
        null,
        null,
        1,
        0,
        null,
        null,
        null
      ],
      "/Users/klangton/rails_projects/pdflib_app/spec/support/factorygirl.rb": [
        1,
        1,
        null,
        1,
        1,
        1,
        1,
        null,
        1,
        null,
        null,
        null
      ],
      "/Users/klangton/rails_projects/pdflib_app/app/models/pdf.rb": [
        1,
        null
      ]
    },
    "timestamp": 1434726701
  }
}
